Summary of SPARK analysis
=========================

--------------------------------------------------------------------------------------------
SPARK Analysis results        Total        Flow   CodePeer   Provers   Justified    Unproved
--------------------------------------------------------------------------------------------
Data Dependencies                19          18          .         .           .           1
Flow Dependencies                30          17          .         .           .          13
Initialization                   13          13          .         .           .           .
Non-Aliasing                      .           .          .         .           .           .
Run-time Checks                   .           .          .         .           .           .
Assertions                        .           .          .         .           .           .
Functional Contracts              .           .          .         .           .           .
LSP Verification                  .           .          .         .           .           .
Termination                       .           .          .         .           .           .
Concurrency                       .           .          .         .           .           .
--------------------------------------------------------------------------------------------
Total                            62    48 (77%)          .         .           .    14 (23%)


max steps used for successful proof: 0

Analyzed 4 units
in unit aoa, 4 subprograms and packages out of 4 analyzed
  AoA at aoa.ads:9 flow analyzed (0 errors, 0 checks and 0 warnings)
  AoA.Read_Sensor at aoa.ads:30 flow analyzed (0 errors, 0 checks and 0 warnings)
  AoA.Read_Sensor_Majority at aoa.ads:36 flow analyzed (0 errors, 0 checks and 0 warnings)
  AoA.Write_Sensors at aoa.ads:24 flow analyzed (0 errors, 0 checks and 0 warnings)
in unit hsu, 7 subprograms and packages out of 7 analyzed
  HSU at hsu.ads:7 flow analyzed (0 errors, 0 checks and 0 warnings)
  HSU.TailplaneDOWN at hsu.ads:23 flow analyzed (0 errors, 0 checks and 0 warnings)
  HSU.TailplaneNORMAL at hsu.ads:29 flow analyzed (0 errors, 0 checks and 0 warnings)
  HSU.TailplaneUP at hsu.ads:17 flow analyzed (0 errors, 0 checks and 0 warnings)
  HSU.isTailplaneDOWN at hsu.ads:41 flow analyzed (0 errors, 0 checks and 0 warnings)
  HSU.isTailplaneNORMAL at hsu.ads:47 flow analyzed (0 errors, 0 checks and 0 warnings)
  HSU.isTailplaneUP at hsu.ads:35 flow analyzed (0 errors, 0 checks and 0 warnings)
in unit pcu, 10 subprograms and packages out of 10 analyzed
  PCU at pcu.ads:7 flow analyzed (0 errors, 0 checks and 0 warnings)
  PCU.DisableAlarm at pcu.ads:27 flow analyzed (0 errors, 1 checks and 0 warnings)
  PCU.EnableAlarm at pcu.ads:19 flow analyzed (0 errors, 2 checks and 1 warnings)
  PCU.RecordModeButtonNotPressed at pcu.ads:47 flow analyzed (0 errors, 0 checks and 0 warnings)
  PCU.RecordModeButtonPressed at pcu.ads:40 flow analyzed (0 errors, 0 checks and 0 warnings)
  PCU.ToggleMode at pcu.ads:60 flow analyzed (0 errors, 0 checks and 0 warnings)
  PCU.isEnabledAlarm at pcu.ads:33 flow analyzed (0 errors, 0 checks and 0 warnings)
  PCU.isEnabledMode at pcu.ads:68 flow analyzed (0 errors, 0 checks and 0 warnings)
  PCU.isEnabledModeIndicator at pcu.ads:74 flow analyzed (0 errors, 0 checks and 0 warnings)
  PCU.isModeButtonPressed at pcu.ads:54 flow analyzed (0 errors, 0 checks and 0 warnings)
in unit spu, 2 subprograms and packages out of 2 analyzed
  SPU at spu.ads:6 flow analyzed (0 errors, 0 checks and 0 warnings)
  SPU.Controller at spu.ads:13 flow analyzed (0 errors, 11 checks and 0 warnings)
