Summary of SPARK analysis
=========================

---------------------------------------------------------------------------------------------
SPARK Analysis results        Total        Flow   CodePeer     Provers   Justified   Unproved
---------------------------------------------------------------------------------------------
Data Dependencies                19          19          .           .           .          .
Flow Dependencies                19          19          .           .           .          .
Initialization                   14          14          .           .           .          .
Non-Aliasing                      .           .          .           .           .          .
Run-time Checks                   3           .          .    2 (CVC4)           .          1
Assertions                        .           .          .           .           .          .
Functional Contracts              .           .          .           .           .          .
LSP Verification                  .           .          .           .           .          .
Termination                       .           .          .           .           .          .
Concurrency                       .           .          .           .           .          .
---------------------------------------------------------------------------------------------
Total                            55    52 (95%)          .      2 (4%)           .     1 (2%)


max steps used for successful proof: 1

Analyzed 4 units
in unit aoa, 4 subprograms and packages out of 4 analyzed
  AoA at aoa.ads:9 flow analyzed (0 errors, 0 checks and 0 warnings) and proved (0 checks)
  AoA.Read_Sensor at aoa.ads:30 flow analyzed (0 errors, 0 checks and 0 warnings) and proved (0 checks)
  AoA.Read_Sensor_Majority at aoa.ads:36 flow analyzed (0 errors, 0 checks and 0 warnings) and proved (2 checks)
  AoA.Write_Sensors at aoa.ads:24 flow analyzed (0 errors, 0 checks and 0 warnings) and proved (0 checks)
in unit hsu, 7 subprograms and packages out of 7 analyzed
  HSU at hsu.ads:7 flow analyzed (0 errors, 0 checks and 0 warnings) and proved (0 checks)
  HSU.TailplaneDOWN at hsu.ads:23 flow analyzed (0 errors, 0 checks and 0 warnings) and proved (0 checks)
  HSU.TailplaneNORMAL at hsu.ads:29 flow analyzed (0 errors, 0 checks and 0 warnings) and proved (0 checks)
  HSU.TailplaneUP at hsu.ads:17 flow analyzed (0 errors, 0 checks and 0 warnings) and proved (0 checks)
  HSU.isTailplaneDOWN at hsu.ads:41 flow analyzed (0 errors, 0 checks and 0 warnings) and proved (0 checks)
  HSU.isTailplaneNORMAL at hsu.ads:47 flow analyzed (0 errors, 0 checks and 0 warnings) and proved (0 checks)
  HSU.isTailplaneUP at hsu.ads:35 flow analyzed (0 errors, 0 checks and 0 warnings) and proved (0 checks)
in unit pcu, 10 subprograms and packages out of 10 analyzed
  PCU at pcu.ads:7 flow analyzed (0 errors, 0 checks and 0 warnings) and proved (0 checks)
  PCU.DisableAlarm at pcu.ads:27 flow analyzed (0 errors, 0 checks and 0 warnings) and proved (0 checks)
  PCU.EnableAlarm at pcu.ads:19 flow analyzed (0 errors, 0 checks and 0 warnings) and not proved, 0 checks out of 1 proved
  PCU.RecordModeButtonNotPressed at pcu.ads:47 flow analyzed (0 errors, 0 checks and 0 warnings) and proved (0 checks)
  PCU.RecordModeButtonPressed at pcu.ads:40 flow analyzed (0 errors, 0 checks and 0 warnings) and proved (0 checks)
  PCU.ToggleMode at pcu.ads:60 flow analyzed (0 errors, 0 checks and 0 warnings) and proved (0 checks)
  PCU.isEnabledAlarm at pcu.ads:33 flow analyzed (0 errors, 0 checks and 0 warnings) and proved (0 checks)
  PCU.isEnabledMode at pcu.ads:68 flow analyzed (0 errors, 0 checks and 0 warnings) and proved (0 checks)
  PCU.isEnabledModeIndicator at pcu.ads:74 flow analyzed (0 errors, 0 checks and 0 warnings) and proved (0 checks)
  PCU.isModeButtonPressed at pcu.ads:54 flow analyzed (0 errors, 0 checks and 0 warnings) and proved (0 checks)
in unit spu, 2 subprograms and packages out of 2 analyzed
  SPU at spu.ads:6 flow analyzed (0 errors, 0 checks and 0 warnings) and proved (0 checks)
  SPU.Controller at spu.ads:13 flow analyzed (0 errors, 0 checks and 0 warnings) and proved (0 checks)
